  boid.cpp
  flock.cpp
\\stuhome\homedrive2$\1401562\github\ha_proj\test app\test app\flock.cpp(91): error C2065: 'boid_': undeclared identifier
\\stuhome\homedrive2$\1401562\github\ha_proj\test app\test app\flock.cpp(91): error C2227: left of '->begin' must point to class/struct/union/generic type
  \\stuhome\homedrive2$\1401562\github\ha_proj\test app\test app\flock.cpp(91): note: type is 'unknown-type'
\\stuhome\homedrive2$\1401562\github\ha_proj\test app\test app\flock.cpp(91): error C2227: left of '->end' must point to class/struct/union/generic type
  \\stuhome\homedrive2$\1401562\github\ha_proj\test app\test app\flock.cpp(91): note: type is 'unknown-type'
\\stuhome\homedrive2$\1401562\github\ha_proj\test app\test app\flock.cpp(102): error C2248: 'boid::desired_separation_': cannot access private member declared in class 'boid'
  \\stuhome\homedrive2$\1401562\github\ha_proj\test app\test app\boid.h(60): note: see declaration of 'boid::desired_separation_'
  \\stuhome\homedrive2$\1401562\github\ha_proj\test app\test app\boid.h(13): note: see declaration of 'boid'
\\stuhome\homedrive2$\1401562\github\ha_proj\test app\test app\flock.cpp(112): error C2248: 'boid::separation_': cannot access private member declared in class 'boid'
  \\stuhome\homedrive2$\1401562\github\ha_proj\test app\test app\boid.h(59): note: see declaration of 'boid::separation_'
  \\stuhome\homedrive2$\1401562\github\ha_proj\test app\test app\boid.h(13): note: see declaration of 'boid'
\\stuhome\homedrive2$\1401562\github\ha_proj\test app\test app\flock.cpp(119): error C2248: 'boid::cohesion_': cannot access private member declared in class 'boid'
  \\stuhome\homedrive2$\1401562\github\ha_proj\test app\test app\boid.h(59): note: see declaration of 'boid::cohesion_'
  \\stuhome\homedrive2$\1401562\github\ha_proj\test app\test app\boid.h(13): note: see declaration of 'boid'
\\stuhome\homedrive2$\1401562\github\ha_proj\test app\test app\flock.cpp(125): error C2248: 'boid::alignment_': cannot access private member declared in class 'boid'
  \\stuhome\homedrive2$\1401562\github\ha_proj\test app\test app\boid.h(59): note: see declaration of 'boid::alignment_'
  \\stuhome\homedrive2$\1401562\github\ha_proj\test app\test app\boid.h(13): note: see declaration of 'boid'
\\stuhome\homedrive2$\1401562\github\ha_proj\test app\test app\flock.cpp(136): error C2248: 'boid::separation_': cannot access private member declared in class 'boid'
  \\stuhome\homedrive2$\1401562\github\ha_proj\test app\test app\boid.h(59): note: see declaration of 'boid::separation_'
  \\stuhome\homedrive2$\1401562\github\ha_proj\test app\test app\boid.h(13): note: see declaration of 'boid'
\\stuhome\homedrive2$\1401562\github\ha_proj\test app\test app\flock.cpp(139): error C2248: 'boid::separation_': cannot access private member declared in class 'boid'
  \\stuhome\homedrive2$\1401562\github\ha_proj\test app\test app\boid.h(59): note: see declaration of 'boid::separation_'
  \\stuhome\homedrive2$\1401562\github\ha_proj\test app\test app\boid.h(13): note: see declaration of 'boid'
\\stuhome\homedrive2$\1401562\github\ha_proj\test app\test app\flock.cpp(142): error C2248: 'boid::separation_': cannot access private member declared in class 'boid'
  \\stuhome\homedrive2$\1401562\github\ha_proj\test app\test app\boid.h(59): note: see declaration of 'boid::separation_'
  \\stuhome\homedrive2$\1401562\github\ha_proj\test app\test app\boid.h(13): note: see declaration of 'boid'
\\stuhome\homedrive2$\1401562\github\ha_proj\test app\test app\flock.cpp(144): error C2248: 'boid::separation_': cannot access private member declared in class 'boid'
  \\stuhome\homedrive2$\1401562\github\ha_proj\test app\test app\boid.h(59): note: see declaration of 'boid::separation_'
  \\stuhome\homedrive2$\1401562\github\ha_proj\test app\test app\boid.h(13): note: see declaration of 'boid'
\\stuhome\homedrive2$\1401562\github\ha_proj\test app\test app\flock.cpp(144): error C2065: 'max_speed_': undeclared identifier
\\stuhome\homedrive2$\1401562\github\ha_proj\test app\test app\flock.cpp(146): error C2248: 'boid::separation_': cannot access private member declared in class 'boid'
  \\stuhome\homedrive2$\1401562\github\ha_proj\test app\test app\boid.h(59): note: see declaration of 'boid::separation_'
  \\stuhome\homedrive2$\1401562\github\ha_proj\test app\test app\boid.h(13): note: see declaration of 'boid'
\\stuhome\homedrive2$\1401562\github\ha_proj\test app\test app\flock.cpp(146): error C2248: 'boid::curr_vel_': cannot access private member declared in class 'boid'
  \\stuhome\homedrive2$\1401562\github\ha_proj\test app\test app\boid.h(72): note: see declaration of 'boid::curr_vel_'
  \\stuhome\homedrive2$\1401562\github\ha_proj\test app\test app\boid.h(13): note: see declaration of 'boid'
\\stuhome\homedrive2$\1401562\github\ha_proj\test app\test app\flock.cpp(148): error C2248: 'boid::separation_': cannot access private member declared in class 'boid'
  \\stuhome\homedrive2$\1401562\github\ha_proj\test app\test app\boid.h(59): note: see declaration of 'boid::separation_'
  \\stuhome\homedrive2$\1401562\github\ha_proj\test app\test app\boid.h(13): note: see declaration of 'boid'
\\stuhome\homedrive2$\1401562\github\ha_proj\test app\test app\flock.cpp(148): error C2065: 'max_force_': undeclared identifier
\\stuhome\homedrive2$\1401562\github\ha_proj\test app\test app\flock.cpp(156): error C2248: 'boid::cohesion_': cannot access private member declared in class 'boid'
  \\stuhome\homedrive2$\1401562\github\ha_proj\test app\test app\boid.h(59): note: see declaration of 'boid::cohesion_'
  \\stuhome\homedrive2$\1401562\github\ha_proj\test app\test app\boid.h(13): note: see declaration of 'boid'
\\stuhome\homedrive2$\1401562\github\ha_proj\test app\test app\flock.cpp(160): error C2248: 'boid::cohesion_': cannot access private member declared in class 'boid'
  \\stuhome\homedrive2$\1401562\github\ha_proj\test app\test app\boid.h(59): note: see declaration of 'boid::cohesion_'
  \\stuhome\homedrive2$\1401562\github\ha_proj\test app\test app\boid.h(13): note: see declaration of 'boid'
\\stuhome\homedrive2$\1401562\github\ha_proj\test app\test app\flock.cpp(169): error C2248: 'boid::alignment_': cannot access private member declared in class 'boid'
  \\stuhome\homedrive2$\1401562\github\ha_proj\test app\test app\boid.h(59): note: see declaration of 'boid::alignment_'
  \\stuhome\homedrive2$\1401562\github\ha_proj\test app\test app\boid.h(13): note: see declaration of 'boid'
\\stuhome\homedrive2$\1401562\github\ha_proj\test app\test app\flock.cpp(172): error C2248: 'boid::alignment_': cannot access private member declared in class 'boid'
  \\stuhome\homedrive2$\1401562\github\ha_proj\test app\test app\boid.h(59): note: see declaration of 'boid::alignment_'
  \\stuhome\homedrive2$\1401562\github\ha_proj\test app\test app\boid.h(13): note: see declaration of 'boid'
\\stuhome\homedrive2$\1401562\github\ha_proj\test app\test app\flock.cpp(173): error C2248: 'boid::alignment_': cannot access private member declared in class 'boid'
  \\stuhome\homedrive2$\1401562\github\ha_proj\test app\test app\boid.h(59): note: see declaration of 'boid::alignment_'
  \\stuhome\homedrive2$\1401562\github\ha_proj\test app\test app\boid.h(13): note: see declaration of 'boid'
\\stuhome\homedrive2$\1401562\github\ha_proj\test app\test app\flock.cpp(173): error C2065: 'max_speed_': undeclared identifier
\\stuhome\homedrive2$\1401562\github\ha_proj\test app\test app\flock.cpp(174): error C2248: 'boid::alignment_': cannot access private member declared in class 'boid'
  \\stuhome\homedrive2$\1401562\github\ha_proj\test app\test app\boid.h(59): note: see declaration of 'boid::alignment_'
  \\stuhome\homedrive2$\1401562\github\ha_proj\test app\test app\boid.h(13): note: see declaration of 'boid'
\\stuhome\homedrive2$\1401562\github\ha_proj\test app\test app\flock.cpp(174): error C2248: 'boid::curr_vel_': cannot access private member declared in class 'boid'
  \\stuhome\homedrive2$\1401562\github\ha_proj\test app\test app\boid.h(72): note: see declaration of 'boid::curr_vel_'
  \\stuhome\homedrive2$\1401562\github\ha_proj\test app\test app\boid.h(13): note: see declaration of 'boid'
\\stuhome\homedrive2$\1401562\github\ha_proj\test app\test app\flock.cpp(175): error C2248: 'boid::alignment_': cannot access private member declared in class 'boid'
  \\stuhome\homedrive2$\1401562\github\ha_proj\test app\test app\boid.h(59): note: see declaration of 'boid::alignment_'
  \\stuhome\homedrive2$\1401562\github\ha_proj\test app\test app\boid.h(13): note: see declaration of 'boid'
\\stuhome\homedrive2$\1401562\github\ha_proj\test app\test app\flock.cpp(175): error C2065: 'max_force_': undeclared identifier
\\stuhome\homedrive2$\1401562\github\ha_proj\test app\test app\flock.cpp(179): error C2248: 'boid::alignment_': cannot access private member declared in class 'boid'
  \\stuhome\homedrive2$\1401562\github\ha_proj\test app\test app\boid.h(59): note: see declaration of 'boid::alignment_'
  \\stuhome\homedrive2$\1401562\github\ha_proj\test app\test app\boid.h(13): note: see declaration of 'boid'
\\stuhome\homedrive2$\1401562\github\ha_proj\test app\test app\flock.cpp(183): error C2248: 'boid::separation_': cannot access private member declared in class 'boid'
  \\stuhome\homedrive2$\1401562\github\ha_proj\test app\test app\boid.h(59): note: see declaration of 'boid::separation_'
  \\stuhome\homedrive2$\1401562\github\ha_proj\test app\test app\boid.h(13): note: see declaration of 'boid'
\\stuhome\homedrive2$\1401562\github\ha_proj\test app\test app\flock.cpp(183): error C2248: 'boid::sep_wgt_': cannot access private member declared in class 'boid'
  \\stuhome\homedrive2$\1401562\github\ha_proj\test app\test app\boid.h(62): note: see declaration of 'boid::sep_wgt_'
  \\stuhome\homedrive2$\1401562\github\ha_proj\test app\test app\boid.h(13): note: see declaration of 'boid'
\\stuhome\homedrive2$\1401562\github\ha_proj\test app\test app\flock.cpp(184): error C2248: 'boid::cohesion_': cannot access private member declared in class 'boid'
  \\stuhome\homedrive2$\1401562\github\ha_proj\test app\test app\boid.h(59): note: see declaration of 'boid::cohesion_'
  \\stuhome\homedrive2$\1401562\github\ha_proj\test app\test app\boid.h(13): note: see declaration of 'boid'
\\stuhome\homedrive2$\1401562\github\ha_proj\test app\test app\flock.cpp(184): error C2248: 'boid::coh_wgt_': cannot access private member declared in class 'boid'
  \\stuhome\homedrive2$\1401562\github\ha_proj\test app\test app\boid.h(62): note: see declaration of 'boid::coh_wgt_'
  \\stuhome\homedrive2$\1401562\github\ha_proj\test app\test app\boid.h(13): note: see declaration of 'boid'
\\stuhome\homedrive2$\1401562\github\ha_proj\test app\test app\flock.cpp(185): error C2248: 'boid::alignment_': cannot access private member declared in class 'boid'
  \\stuhome\homedrive2$\1401562\github\ha_proj\test app\test app\boid.h(59): note: see declaration of 'boid::alignment_'
  \\stuhome\homedrive2$\1401562\github\ha_proj\test app\test app\boid.h(13): note: see declaration of 'boid'
\\stuhome\homedrive2$\1401562\github\ha_proj\test app\test app\flock.cpp(185): error C2248: 'boid::ali_wgt_': cannot access private member declared in class 'boid'
  \\stuhome\homedrive2$\1401562\github\ha_proj\test app\test app\boid.h(62): note: see declaration of 'boid::ali_wgt_'
  \\stuhome\homedrive2$\1401562\github\ha_proj\test app\test app\boid.h(13): note: see declaration of 'boid'
\\stuhome\homedrive2$\1401562\github\ha_proj\test app\test app\flock.cpp(188): error C2248: 'boid::accel_': cannot access private member declared in class 'boid'
  \\stuhome\homedrive2$\1401562\github\ha_proj\test app\test app\boid.h(71): note: see declaration of 'boid::accel_'
  \\stuhome\homedrive2$\1401562\github\ha_proj\test app\test app\boid.h(13): note: see declaration of 'boid'
\\stuhome\homedrive2$\1401562\github\ha_proj\test app\test app\flock.cpp(188): error C2248: 'boid::separation_': cannot access private member declared in class 'boid'
  \\stuhome\homedrive2$\1401562\github\ha_proj\test app\test app\boid.h(59): note: see declaration of 'boid::separation_'
  \\stuhome\homedrive2$\1401562\github\ha_proj\test app\test app\boid.h(13): note: see declaration of 'boid'
\\stuhome\homedrive2$\1401562\github\ha_proj\test app\test app\flock.cpp(188): error C2248: 'boid::cohesion_': cannot access private member declared in class 'boid'
  \\stuhome\homedrive2$\1401562\github\ha_proj\test app\test app\boid.h(59): note: see declaration of 'boid::cohesion_'
  \\stuhome\homedrive2$\1401562\github\ha_proj\test app\test app\boid.h(13): note: see declaration of 'boid'
\\stuhome\homedrive2$\1401562\github\ha_proj\test app\test app\flock.cpp(188): error C2248: 'boid::alignment_': cannot access private member declared in class 'boid'
  \\stuhome\homedrive2$\1401562\github\ha_proj\test app\test app\boid.h(59): note: see declaration of 'boid::alignment_'
  \\stuhome\homedrive2$\1401562\github\ha_proj\test app\test app\boid.h(13): note: see declaration of 'boid'
\\stuhome\homedrive2$\1401562\github\ha_proj\test app\test app\flock.cpp(191): error C2248: 'boid::curr_vel_': cannot access private member declared in class 'boid'
  \\stuhome\homedrive2$\1401562\github\ha_proj\test app\test app\boid.h(72): note: see declaration of 'boid::curr_vel_'
  \\stuhome\homedrive2$\1401562\github\ha_proj\test app\test app\boid.h(13): note: see declaration of 'boid'
\\stuhome\homedrive2$\1401562\github\ha_proj\test app\test app\flock.cpp(191): error C2248: 'boid::prev_vel_': cannot access private member declared in class 'boid'
  \\stuhome\homedrive2$\1401562\github\ha_proj\test app\test app\boid.h(72): note: see declaration of 'boid::prev_vel_'
  \\stuhome\homedrive2$\1401562\github\ha_proj\test app\test app\boid.h(13): note: see declaration of 'boid'
\\stuhome\homedrive2$\1401562\github\ha_proj\test app\test app\flock.cpp(191): error C2248: 'boid::accel_': cannot access private member declared in class 'boid'
  \\stuhome\homedrive2$\1401562\github\ha_proj\test app\test app\boid.h(71): note: see declaration of 'boid::accel_'
  \\stuhome\homedrive2$\1401562\github\ha_proj\test app\test app\boid.h(13): note: see declaration of 'boid'
\\stuhome\homedrive2$\1401562\github\ha_proj\test app\test app\flock.cpp(191): error C2065: 'frame_time': undeclared identifier
\\stuhome\homedrive2$\1401562\github\ha_proj\test app\test app\flock.cpp(194): error C2248: 'boid::displacement_': cannot access private member declared in class 'boid'
  \\stuhome\homedrive2$\1401562\github\ha_proj\test app\test app\boid.h(74): note: see declaration of 'boid::displacement_'
  \\stuhome\homedrive2$\1401562\github\ha_proj\test app\test app\boid.h(13): note: see declaration of 'boid'
\\stuhome\homedrive2$\1401562\github\ha_proj\test app\test app\flock.cpp(194): error C2248: 'boid::prev_vel_': cannot access private member declared in class 'boid'
  \\stuhome\homedrive2$\1401562\github\ha_proj\test app\test app\boid.h(72): note: see declaration of 'boid::prev_vel_'
  \\stuhome\homedrive2$\1401562\github\ha_proj\test app\test app\boid.h(13): note: see declaration of 'boid'
\\stuhome\homedrive2$\1401562\github\ha_proj\test app\test app\flock.cpp(194): error C2065: 'frame_time': undeclared identifier
\\stuhome\homedrive2$\1401562\github\ha_proj\test app\test app\flock.cpp(194): error C2248: 'boid::accel_': cannot access private member declared in class 'boid'
  \\stuhome\homedrive2$\1401562\github\ha_proj\test app\test app\boid.h(71): note: see declaration of 'boid::accel_'
  \\stuhome\homedrive2$\1401562\github\ha_proj\test app\test app\boid.h(13): note: see declaration of 'boid'
\\stuhome\homedrive2$\1401562\github\ha_proj\test app\test app\flock.cpp(196): error C2248: 'boid::curr_pos_': cannot access private member declared in class 'boid'
  \\stuhome\homedrive2$\1401562\github\ha_proj\test app\test app\boid.h(73): note: see declaration of 'boid::curr_pos_'
  \\stuhome\homedrive2$\1401562\github\ha_proj\test app\test app\boid.h(13): note: see declaration of 'boid'
\\stuhome\homedrive2$\1401562\github\ha_proj\test app\test app\flock.cpp(196): error C2248: 'boid::displacement_': cannot access private member declared in class 'boid'
  \\stuhome\homedrive2$\1401562\github\ha_proj\test app\test app\boid.h(74): note: see declaration of 'boid::displacement_'
  \\stuhome\homedrive2$\1401562\github\ha_proj\test app\test app\boid.h(13): note: see declaration of 'boid'
\\stuhome\homedrive2$\1401562\github\ha_proj\test app\test app\flock.cpp(202): error C2248: 'boid::prev_vel_': cannot access private member declared in class 'boid'
  \\stuhome\homedrive2$\1401562\github\ha_proj\test app\test app\boid.h(72): note: see declaration of 'boid::prev_vel_'
  \\stuhome\homedrive2$\1401562\github\ha_proj\test app\test app\boid.h(13): note: see declaration of 'boid'
\\stuhome\homedrive2$\1401562\github\ha_proj\test app\test app\flock.cpp(202): error C2248: 'boid::curr_vel_': cannot access private member declared in class 'boid'
  \\stuhome\homedrive2$\1401562\github\ha_proj\test app\test app\boid.h(72): note: see declaration of 'boid::curr_vel_'
  \\stuhome\homedrive2$\1401562\github\ha_proj\test app\test app\boid.h(13): note: see declaration of 'boid'
\\stuhome\homedrive2$\1401562\github\ha_proj\test app\test app\flock.cpp(203): error C2248: 'boid::prev_pos_': cannot access private member declared in class 'boid'
  \\stuhome\homedrive2$\1401562\github\ha_proj\test app\test app\boid.h(73): note: see declaration of 'boid::prev_pos_'
  \\stuhome\homedrive2$\1401562\github\ha_proj\test app\test app\boid.h(13): note: see declaration of 'boid'
\\stuhome\homedrive2$\1401562\github\ha_proj\test app\test app\flock.cpp(203): error C2248: 'boid::curr_pos_': cannot access private member declared in class 'boid'
  \\stuhome\homedrive2$\1401562\github\ha_proj\test app\test app\boid.h(73): note: see declaration of 'boid::curr_pos_'
  \\stuhome\homedrive2$\1401562\github\ha_proj\test app\test app\boid.h(13): note: see declaration of 'boid'
\\stuhome\homedrive2$\1401562\github\ha_proj\test app\test app\flock.cpp(205): error C2248: 'boid::curr_pos_': cannot access private member declared in class 'boid'
  \\stuhome\homedrive2$\1401562\github\ha_proj\test app\test app\boid.h(73): note: see declaration of 'boid::curr_pos_'
  \\stuhome\homedrive2$\1401562\github\ha_proj\test app\test app\boid.h(13): note: see declaration of 'boid'
\\stuhome\homedrive2$\1401562\github\ha_proj\test app\test app\flock.cpp(206): error C2248: 'boid::translation_': cannot access private member declared in class 'boid'
  \\stuhome\homedrive2$\1401562\github\ha_proj\test app\test app\boid.h(80): note: see declaration of 'boid::translation_'
  \\stuhome\homedrive2$\1401562\github\ha_proj\test app\test app\boid.h(13): note: see declaration of 'boid'
\\stuhome\homedrive2$\1401562\github\ha_proj\test app\test app\flock.cpp(208): error C2248: 'boid::scale_': cannot access private member declared in class 'boid'
  \\stuhome\homedrive2$\1401562\github\ha_proj\test app\test app\boid.h(78): note: see declaration of 'boid::scale_'
  \\stuhome\homedrive2$\1401562\github\ha_proj\test app\test app\boid.h(13): note: see declaration of 'boid'
\\stuhome\homedrive2$\1401562\github\ha_proj\test app\test app\flock.cpp(208): error C2248: 'boid::rotation_': cannot access private member declared in class 'boid'
  \\stuhome\homedrive2$\1401562\github\ha_proj\test app\test app\boid.h(79): note: see declaration of 'boid::rotation_'
  \\stuhome\homedrive2$\1401562\github\ha_proj\test app\test app\boid.h(13): note: see declaration of 'boid'
\\stuhome\homedrive2$\1401562\github\ha_proj\test app\test app\flock.cpp(208): error C2248: 'boid::translation_': cannot access private member declared in class 'boid'
  \\stuhome\homedrive2$\1401562\github\ha_proj\test app\test app\boid.h(80): note: see declaration of 'boid::translation_'
  \\stuhome\homedrive2$\1401562\github\ha_proj\test app\test app\boid.h(13): note: see declaration of 'boid'
\\stuhome\homedrive2$\1401562\github\ha_proj\test app\test app\flock.cpp(210): error C2248: 'boid::cube_': cannot access private member declared in class 'boid'
  \\stuhome\homedrive2$\1401562\github\ha_proj\test app\test app\boid.h(53): note: see declaration of 'boid::cube_'
  \\stuhome\homedrive2$\1401562\github\ha_proj\test app\test app\boid.h(13): note: see declaration of 'boid'
  flocking_app.cpp
  main.cpp
  Generating Code...
